c:\users\jooha\documents\visual studio 2015\projects\mfc_5_modeless\mfc_5_modeless\debug\mfc_5_modeless.pch
c:\users\jooha\documents\visual studio 2015\projects\mfc_5_modeless\mfc_5_modeless\debug\vc140.pdb
c:\users\jooha\documents\visual studio 2015\projects\mfc_5_modeless\mfc_5_modeless\debug\vc140.idb
c:\users\jooha\documents\visual studio 2015\projects\mfc_5_modeless\mfc_5_modeless\debug\stdafx.obj
c:\users\jooha\documents\visual studio 2015\projects\mfc_5_modeless\mfc_5_modeless\debug\mainfrm.obj
c:\users\jooha\documents\visual studio 2015\projects\mfc_5_modeless\mfc_5_modeless\debug\mfc_5_modeless.obj
c:\users\jooha\documents\visual studio 2015\projects\mfc_5_modeless\mfc_5_modeless\debug\mfc_5_modelessdoc.obj
c:\users\jooha\documents\visual studio 2015\projects\mfc_5_modeless\mfc_5_modeless\debug\mfc_5_modelessview.obj
c:\users\jooha\documents\visual studio 2015\projects\mfc_5_modeless\mfc_5_modeless\debug\modelessdlg.obj
c:\users\jooha\documents\visual studio 2015\projects\mfc_5_modeless\mfc_5_modeless\debug\textinfo.obj
c:\users\jooha\documents\visual studio 2015\projects\mfc_5_modeless\debug\mfc_5_modeless.ilk
c:\users\jooha\documents\visual studio 2015\projects\mfc_5_modeless\debug\mfc_5_modeless.exe
c:\users\jooha\documents\visual studio 2015\projects\mfc_5_modeless\debug\mfc_5_modeless.pdb
c:\users\jooha\documents\visual studio 2015\projects\mfc_5_modeless\mfc_5_modeless\debug\mfc_5_modeless.res
c:\users\jooha\documents\visual studio 2015\projects\mfc_5_modeless\mfc_5_modeless\debug\mfc_5_modeless.tlog\cl.command.1.tlog
c:\users\jooha\documents\visual studio 2015\projects\mfc_5_modeless\mfc_5_modeless\debug\mfc_5_modeless.tlog\cl.read.1.tlog
c:\users\jooha\documents\visual studio 2015\projects\mfc_5_modeless\mfc_5_modeless\debug\mfc_5_modeless.tlog\cl.write.1.tlog
c:\users\jooha\documents\visual studio 2015\projects\mfc_5_modeless\mfc_5_modeless\debug\mfc_5_modeless.tlog\link.command.1.tlog
c:\users\jooha\documents\visual studio 2015\projects\mfc_5_modeless\mfc_5_modeless\debug\mfc_5_modeless.tlog\link.read.1.tlog
c:\users\jooha\documents\visual studio 2015\projects\mfc_5_modeless\mfc_5_modeless\debug\mfc_5_modeless.tlog\link.write.1.tlog
c:\users\jooha\documents\visual studio 2015\projects\mfc_5_modeless\mfc_5_modeless\debug\mfc_5_modeless.tlog\rc.command.1.tlog
c:\users\jooha\documents\visual studio 2015\projects\mfc_5_modeless\mfc_5_modeless\debug\mfc_5_modeless.tlog\rc.read.1.tlog
c:\users\jooha\documents\visual studio 2015\projects\mfc_5_modeless\mfc_5_modeless\debug\mfc_5_modeless.tlog\rc.write.1.tlog
