c:\users\jooha\documents\visual studio 2015\projects\mfc_4_paint\mfc_4_paint\debug\mfc_4_paint.pch
c:\users\jooha\documents\visual studio 2015\projects\mfc_4_paint\mfc_4_paint\debug\vc140.pdb
c:\users\jooha\documents\visual studio 2015\projects\mfc_4_paint\mfc_4_paint\debug\vc140.idb
c:\users\jooha\documents\visual studio 2015\projects\mfc_4_paint\mfc_4_paint\debug\stdafx.obj
c:\users\jooha\documents\visual studio 2015\projects\mfc_4_paint\mfc_4_paint\debug\mainfrm.obj
c:\users\jooha\documents\visual studio 2015\projects\mfc_4_paint\mfc_4_paint\debug\mfc_4_paint.obj
c:\users\jooha\documents\visual studio 2015\projects\mfc_4_paint\mfc_4_paint\debug\mfc_4_paintdoc.obj
c:\users\jooha\documents\visual studio 2015\projects\mfc_4_paint\mfc_4_paint\debug\mfc_4_paintview.obj
c:\users\jooha\documents\visual studio 2015\projects\mfc_4_paint\debug\mfc_4_paint.ilk
c:\users\jooha\documents\visual studio 2015\projects\mfc_4_paint\debug\mfc_4_paint.exe
c:\users\jooha\documents\visual studio 2015\projects\mfc_4_paint\debug\mfc_4_paint.pdb
c:\users\jooha\documents\visual studio 2015\projects\mfc_4_paint\mfc_4_paint\debug\mfc_4_paint.res
c:\users\jooha\documents\visual studio 2015\projects\mfc_4_paint\mfc_4_paint\debug\mfc_4_paint.tlog\cl.command.1.tlog
c:\users\jooha\documents\visual studio 2015\projects\mfc_4_paint\mfc_4_paint\debug\mfc_4_paint.tlog\cl.read.1.tlog
c:\users\jooha\documents\visual studio 2015\projects\mfc_4_paint\mfc_4_paint\debug\mfc_4_paint.tlog\cl.write.1.tlog
c:\users\jooha\documents\visual studio 2015\projects\mfc_4_paint\mfc_4_paint\debug\mfc_4_paint.tlog\link.command.1.tlog
c:\users\jooha\documents\visual studio 2015\projects\mfc_4_paint\mfc_4_paint\debug\mfc_4_paint.tlog\link.read.1.tlog
c:\users\jooha\documents\visual studio 2015\projects\mfc_4_paint\mfc_4_paint\debug\mfc_4_paint.tlog\link.write.1.tlog
c:\users\jooha\documents\visual studio 2015\projects\mfc_4_paint\mfc_4_paint\debug\mfc_4_paint.tlog\rc.command.1.tlog
c:\users\jooha\documents\visual studio 2015\projects\mfc_4_paint\mfc_4_paint\debug\mfc_4_paint.tlog\rc.read.1.tlog
c:\users\jooha\documents\visual studio 2015\projects\mfc_4_paint\mfc_4_paint\debug\mfc_4_paint.tlog\rc.write.1.tlog
